In file included from src/main.cpp:11:
src/deribit_ws_client.cpp: In lambda function:
src/deribit_ws_client.cpp:104:70: warning: unused parameter 'hdl' [-Wunused-parameter]
  104 |     client.set_message_handler([&client](websocketpp::connection_hdl hdl, message_ptr msg) {
      |                                          ~~~~~~~~~~~~~~~~~~~~~~~~~~~~^~~
src/deribit_ws_client.cpp: In lambda function:
src/deribit_ws_client.cpp:109:61: warning: unused parameter 'hdl' [-Wunused-parameter]
  109 |     client.set_close_handler([](websocketpp::connection_hdl hdl) {
      |                                 ~~~~~~~~~~~~~~~~~~~~~~~~~~~~^~~
src/main.cpp: In lambda function:
src/main.cpp:92:38: warning: unused parameter 'req' [-Wunused-parameter]
   92 |     ([&trading](const crow::request& req, const std::string& orderId) {
      |                 ~~~~~~~~~~~~~~~~~~~~~^~~
src/main.cpp: In lambda function:
src/main.cpp:136:38: warning: unused parameter 'req' [-Wunused-parameter]
  136 |     ([&trading](const crow::request& req) {
      |                 ~~~~~~~~~~~~~~~~~~~~~^~~
In file included from src/main.cpp:11:
src/deribit_ws_client.cpp: In lambda function:
src/deribit_ws_client.cpp:104:70: warning: unused parameter 'hdl' [-Wunused-parameter]
  104 |     client.set_message_handler([&client](websocketpp::connection_hdl hdl, message_ptr msg) {
      |                                          ~~~~~~~~~~~~~~~~~~~~~~~~~~~~^~~
src/deribit_ws_client.cpp: In lambda function:
src/deribit_ws_client.cpp:109:61: warning: unused parameter 'hdl' [-Wunused-parameter]
  109 |     client.set_close_handler([](websocketpp::connection_hdl hdl) {
      |                                 ~~~~~~~~~~~~~~~~~~~~~~~~~~~~^~~
src/main.cpp: In lambda function:
src/main.cpp:92:38: warning: unused parameter 'req' [-Wunused-parameter]
   92 |     ([&trading](const crow::request& req, const std::string& orderId) {
      |                 ~~~~~~~~~~~~~~~~~~~~~^~~
src/main.cpp: In lambda function:
src/main.cpp:136:38: warning: unused parameter 'req' [-Wunused-parameter]
  136 |     ([&trading](const crow::request& req) {
      |                 ~~~~~~~~~~~~~~~~~~~~~^~~
